<?xml version="1.0" encoding="UTF-8"?>
<testsuite xmlns:xsi="http://www.w3.org/2001/XMLSchema-instance" xsi:noNamespaceSchemaLocation="https://maven.apache.org/surefire/maven-surefire-plugin/xsd/surefire-test-report-3.0.xsd" version="3.0" name="GameLogicTests" time="0.093" tests="6" errors="0" skipped="0" failures="0">
  <properties>
    <property name="java.specification.version" value="20"/>
    <property name="sun.cpu.isalist" value="amd64"/>
    <property name="sun.jnu.encoding" value="Cp1252"/>
    <property name="java.class.path" value="C:\Users\Jacob.Gardner\IdeaProjects\CosmicBeans\CosmicBeans\target\test-classes;C:\Users\Jacob.Gardner\IdeaProjects\CosmicBeans\CosmicBeans\target\classes;C:\Users\Jacob.Gardner\.m2\repository\org\assertj\assertj-core\3.24.2\assertj-core-3.24.2.jar;C:\Users\Jacob.Gardner\.m2\repository\net\bytebuddy\byte-buddy\1.12.21\byte-buddy-1.12.21.jar;C:\Users\Jacob.Gardner\.m2\repository\junit\junit\4.13.2\junit-4.13.2.jar;C:\Users\Jacob.Gardner\.m2\repository\org\hamcrest\hamcrest-core\1.3\hamcrest-core-1.3.jar;C:\Users\Jacob.Gardner\.m2\repository\org\openjfx\javafx-controls\20.0.2\javafx-controls-20.0.2.jar;C:\Users\Jacob.Gardner\.m2\repository\org\openjfx\javafx-controls\20.0.2\javafx-controls-20.0.2-win.jar;C:\Users\Jacob.Gardner\.m2\repository\org\openjfx\javafx-graphics\20.0.2\javafx-graphics-20.0.2.jar;C:\Users\Jacob.Gardner\.m2\repository\org\openjfx\javafx-graphics\20.0.2\javafx-graphics-20.0.2-win.jar;C:\Users\Jacob.Gardner\.m2\repository\org\openjfx\javafx-base\20.0.2\javafx-base-20.0.2.jar;C:\Users\Jacob.Gardner\.m2\repository\org\openjfx\javafx-base\20.0.2\javafx-base-20.0.2-win.jar;C:\Users\Jacob.Gardner\.m2\repository\org\openjfx\javafx-fxml\20.0.2\javafx-fxml-20.0.2.jar;C:\Users\Jacob.Gardner\.m2\repository\org\openjfx\javafx-fxml\20.0.2\javafx-fxml-20.0.2-win.jar;C:\Users\Jacob.Gardner\.m2\repository\org\testng\testng\7.8.0\testng-7.8.0.jar;C:\Users\Jacob.Gardner\.m2\repository\org\slf4j\slf4j-api\1.7.36\slf4j-api-1.7.36.jar;C:\Users\Jacob.Gardner\.m2\repository\com\beust\jcommander\1.82\jcommander-1.82.jar;C:\Users\Jacob.Gardner\.m2\repository\org\webjars\jquery\3.6.1\jquery-3.6.1.jar;C:\Users\Jacob.Gardner\.m2\repository\org\junit\jupiter\junit-jupiter-api\5.9.2\junit-jupiter-api-5.9.2.jar;C:\Users\Jacob.Gardner\.m2\repository\org\opentest4j\opentest4j\1.2.0\opentest4j-1.2.0.jar;C:\Users\Jacob.Gardner\.m2\repository\org\junit\platform\junit-platform-commons\1.9.2\junit-platform-commons-1.9.2.jar;C:\Users\Jacob.Gardner\.m2\repository\org\apiguardian\apiguardian-api\1.1.2\apiguardian-api-1.1.2.jar;C:\Users\Jacob.Gardner\.m2\repository\org\testfx\testfx-core\4.0.16-alpha\testfx-core-4.0.16-alpha.jar;C:\Users\Jacob.Gardner\.m2\repository\org\testfx\testfx-junit\4.0.6-alpha\testfx-junit-4.0.6-alpha.jar;"/>
    <property name="java.vm.vendor" value="Amazon.com Inc."/>
    <property name="sun.arch.data.model" value="64"/>
    <property name="user.variant" value=""/>
    <property name="java.vendor.url" value="https://aws.amazon.com/corretto/"/>
    <property name="user.timezone" value="Europe/London"/>
    <property name="os.name" value="Windows 10"/>
    <property name="java.vm.specification.version" value="20"/>
    <property name="sun.java.launcher" value="SUN_STANDARD"/>
    <property name="user.country" value="GB"/>
    <property name="sun.boot.library.path" value="C:\Users\Jacob.Gardner\.jdks\corretto-20\bin"/>
    <property name="sun.java.command" value="C:\Users\Jacob.Gardner\AppData\Local\Temp\surefire11059654173508555330\surefirebooter-20230809152403132_3.jar C:\Users\Jacob.Gardner\AppData\Local\Temp\surefire11059654173508555330 2023-08-09T15-24-02_922-jvmRun1 surefire-20230809152403132_1tmp surefire_0-20230809152403132_2tmp"/>
    <property name="jdk.debug" value="release"/>
    <property name="surefire.test.class.path" value="C:\Users\Jacob.Gardner\IdeaProjects\CosmicBeans\CosmicBeans\target\test-classes;C:\Users\Jacob.Gardner\IdeaProjects\CosmicBeans\CosmicBeans\target\classes;C:\Users\Jacob.Gardner\.m2\repository\org\assertj\assertj-core\3.24.2\assertj-core-3.24.2.jar;C:\Users\Jacob.Gardner\.m2\repository\net\bytebuddy\byte-buddy\1.12.21\byte-buddy-1.12.21.jar;C:\Users\Jacob.Gardner\.m2\repository\junit\junit\4.13.2\junit-4.13.2.jar;C:\Users\Jacob.Gardner\.m2\repository\org\hamcrest\hamcrest-core\1.3\hamcrest-core-1.3.jar;C:\Users\Jacob.Gardner\.m2\repository\org\openjfx\javafx-controls\20.0.2\javafx-controls-20.0.2.jar;C:\Users\Jacob.Gardner\.m2\repository\org\openjfx\javafx-controls\20.0.2\javafx-controls-20.0.2-win.jar;C:\Users\Jacob.Gardner\.m2\repository\org\openjfx\javafx-graphics\20.0.2\javafx-graphics-20.0.2.jar;C:\Users\Jacob.Gardner\.m2\repository\org\openjfx\javafx-graphics\20.0.2\javafx-graphics-20.0.2-win.jar;C:\Users\Jacob.Gardner\.m2\repository\org\openjfx\javafx-base\20.0.2\javafx-base-20.0.2.jar;C:\Users\Jacob.Gardner\.m2\repository\org\openjfx\javafx-base\20.0.2\javafx-base-20.0.2-win.jar;C:\Users\Jacob.Gardner\.m2\repository\org\openjfx\javafx-fxml\20.0.2\javafx-fxml-20.0.2.jar;C:\Users\Jacob.Gardner\.m2\repository\org\openjfx\javafx-fxml\20.0.2\javafx-fxml-20.0.2-win.jar;C:\Users\Jacob.Gardner\.m2\repository\org\testng\testng\7.8.0\testng-7.8.0.jar;C:\Users\Jacob.Gardner\.m2\repository\org\slf4j\slf4j-api\1.7.36\slf4j-api-1.7.36.jar;C:\Users\Jacob.Gardner\.m2\repository\com\beust\jcommander\1.82\jcommander-1.82.jar;C:\Users\Jacob.Gardner\.m2\repository\org\webjars\jquery\3.6.1\jquery-3.6.1.jar;C:\Users\Jacob.Gardner\.m2\repository\org\junit\jupiter\junit-jupiter-api\5.9.2\junit-jupiter-api-5.9.2.jar;C:\Users\Jacob.Gardner\.m2\repository\org\opentest4j\opentest4j\1.2.0\opentest4j-1.2.0.jar;C:\Users\Jacob.Gardner\.m2\repository\org\junit\platform\junit-platform-commons\1.9.2\junit-platform-commons-1.9.2.jar;C:\Users\Jacob.Gardner\.m2\repository\org\apiguardian\apiguardian-api\1.1.2\apiguardian-api-1.1.2.jar;C:\Users\Jacob.Gardner\.m2\repository\org\testfx\testfx-core\4.0.16-alpha\testfx-core-4.0.16-alpha.jar;C:\Users\Jacob.Gardner\.m2\repository\org\testfx\testfx-junit\4.0.6-alpha\testfx-junit-4.0.6-alpha.jar;"/>
    <property name="sun.cpu.endian" value="little"/>
    <property name="user.home" value="C:\Users\Jacob.Gardner"/>
    <property name="user.language" value="en"/>
    <property name="java.specification.vendor" value="Oracle Corporation"/>
    <property name="java.version.date" value="2023-03-21"/>
    <property name="java.home" value="C:\Users\Jacob.Gardner\.jdks\corretto-20"/>
    <property name="file.separator" value="\"/>
    <property name="basedir" value="C:\Users\Jacob.Gardner\IdeaProjects\CosmicBeans\CosmicBeans"/>
    <property name="java.vm.compressedOopsMode" value="Zero based"/>
    <property name="line.separator" value="&#10;"/>
    <property name="java.vm.specification.vendor" value="Oracle Corporation"/>
    <property name="java.specification.name" value="Java Platform API Specification"/>
    <property name="surefire.real.class.path" value="C:\Users\Jacob.Gardner\AppData\Local\Temp\surefire11059654173508555330\surefirebooter-20230809152403132_3.jar"/>
    <property name="user.script" value=""/>
    <property name="sun.management.compiler" value="HotSpot 64-Bit Tiered Compilers"/>
    <property name="java.runtime.version" value="20+36-FR"/>
    <property name="user.name" value="Jacob.Gardner"/>
    <property name="stdout.encoding" value="Cp1252"/>
    <property name="path.separator" value=";"/>
    <property name="os.version" value="10.0"/>
    <property name="java.runtime.name" value="OpenJDK Runtime Environment"/>
    <property name="file.encoding" value="UTF-8"/>
    <property name="java.vm.name" value="OpenJDK 64-Bit Server VM"/>
    <property name="java.vendor.version" value="Corretto-20.0.0.36.1"/>
    <property name="localRepository" value="C:\Users\Jacob.Gardner\.m2\repository"/>
    <property name="java.vendor.url.bug" value="https://github.com/corretto/corretto-20/issues/"/>
    <property name="java.io.tmpdir" value="C:\Users\JACOB~1.GAR\AppData\Local\Temp\"/>
    <property name="java.version" value="20"/>
    <property name="user.dir" value="C:\Users\Jacob.Gardner\IdeaProjects\CosmicBeans\CosmicBeans"/>
    <property name="os.arch" value="amd64"/>
    <property name="java.vm.specification.name" value="Java Virtual Machine Specification"/>
    <property name="sun.os.patch.level" value=""/>
    <property name="native.encoding" value="Cp1252"/>
    <property name="java.library.path" value="C:\Users\Jacob.Gardner\.jdks\corretto-20\bin;C:\Windows\Sun\Java\bin;C:\Windows\system32;C:\Windows;C:\Users\Jacob.Gardner\Downloads\cmder\vendor\conemu-maximus5\ConEmu\Scripts;C:\Users\Jacob.Gardner\Downloads\cmder\vendor\conemu-maximus5;C:\Users\Jacob.Gardner\Downloads\cmder\vendor\conemu-maximus5\ConEmu;C:\Program Files (x86)\Common Files\Oracle\Java\javapath;C:\Windows\system32;C:\Windows;C:\Windows\System32\Wbem;C:\Windows\System32\WindowsPowerShell\v1.0\;C:\Windows\System32\OpenSSH\;C:\Program Files\Microsoft VS Code\bin;C:\Program Files\Git\cmd;C:\Users\Jacob.Gardner\AppData\Roaming\nvm;C:\Program Files\nodejs;C:\Program Files\Docker\Docker\resources\bin;C:\Program Files\dotnet\;C:\Program Files\Microsoft SQL Server\150\Tools\Binn\;C:\Program Files\Microsoft SQL Server\Client SDK\ODBC\170\Tools\Binn\;C:\Program Files\Azure Data Studio\bin;C:\Program Files (x86)\Microsoft SQL Server\160\Tools\Binn\;C:\Program Files\Microsoft SQL Server\160\Tools\Binn\;C:\Program Files\Microsoft SQL Server\160\DTS\Binn\;C:\Program Files (x86)\Microsoft SQL Server\160\DTS\Binn\;C:\Program Files\nodejs\;C:\Users\Jacob.Gardner\Documents\apache-maven-3.9.4\bin;C:\Users\Jacob.Gardner\AppData\Local\Microsoft\WindowsApps;C:\Users\Jacob.Gardner\AppData\Roaming\nvm;C:\Program Files\nodejs;C:\Users\Jacob.Gardner\.dotnet\tools;C:\Program Files\Azure Data Studio\bin;C:\Users\Jacob.Gardner\AppData\Roaming\npm;C:\Program Files\Git\mingw64\bin;C:\Program Files\Git\usr\bin;C:\Users\Jacob.Gardner\Downloads\cmder\vendor\bin;C:\Users\Jacob.Gardner\Downloads\cmder;."/>
    <property name="java.vm.info" value="mixed mode, sharing"/>
    <property name="stderr.encoding" value="Cp1252"/>
    <property name="java.vendor" value="Amazon.com Inc."/>
    <property name="java.vm.version" value="20+36-FR"/>
    <property name="sun.io.unicode.encoding" value="UnicodeLittle"/>
    <property name="java.class.version" value="64.0"/>
  </properties>
  <testcase name="playerGivenNewChoiceOnMakeChoice" classname="GameLogicTests" time="0.045"/>
  <testcase name="playerMakesChoiceWithMultipleRequirements" classname="GameLogicTests" time="0.001"/>
  <testcase name="saveGameState" classname="GameLogicTests" time="0.029">
    <system-out><![CDATA[Game Saved.
Game loaded.
]]></system-out>
  </testcase>
  <testcase name="choiceUpdatesPlayerTrait" classname="GameLogicTests" time="0.002"/>
  <testcase name="startGameInstance" classname="GameLogicTests" time="0.003"/>
  <testcase name="optionNotAvailableBasedOnPlayerTrait" classname="GameLogicTests" time="0.003"/>
</testsuite>